<?xml version="1.0" encoding="UTF-8"?>
<testsuite xmlns:xsi="http://www.w3.org/2001/XMLSchema-instance" xsi:noNamespaceSchemaLocation="https://maven.apache.org/surefire/maven-surefire-plugin/xsd/surefire-test-report-3.0.xsd" version="3.0" name="Title of your feature" time="41.29" tests="4" errors="0" skipped="0" failures="1">
  <properties>
[...]
</properties>
  <testcase name="Verify login with valid credentials" classname="Title of your feature" time="13.635">
    <failure message="expected:&lt;[Alex Popoescu]&gt; but was:&lt;[Paul Collings]&gt;" type="org.junit.ComparisonFailure"><![CDATA[org.junit.ComparisonFailure: expected:<[Alex Popoescu]> but was:<[Paul Collings]>
	at org.junit.Assert.assertEquals(Assert.java:117)
	at org.junit.Assert.assertEquals(Assert.java:146)
	at com.orangehrmlive.stepdefinitions.LoginPageStepDefinitions.user_must_be_able_to_land_on_home_page(LoginPageStepDefinitions.java:50)
	at ✽.user must be able to land on home page(file:///Users/admin/eclipse-workspace/POMRepeat/src/test/resources/LoginPageR.feature:12)
]]></failure>
    <system-out><![CDATA[
@ValidCredentials
Scenario: Verify login with valid credentials                             &amp#27;[90m# src/test/resources/LoginPageR.feature:8&amp#27;[0m
  &amp#27;[32mGiven &amp#27;[0m&amp#27;[32muser is navigated to &amp#27;[0m&amp#27;[32m&amp#27;[1m"https://opensource-demo.orangehrmlive.com/"&amp#27;[0m &amp#27;[90m# com.orangehrmlive.stepdefinitions.LoginPageStepDefinitions.user_is_navigated_to(java.lang.String)&amp#27;[0m
  &amp#27;[32mWhen &amp#27;[0m&amp#27;[32muser enters the user name as &amp#27;[0m&amp#27;[32m&amp#27;[1m"Admin"&amp#27;[0m                               &amp#27;[90m# com.orangehrmlive.stepdefinitions.LoginPageStepDefinitions.user_enters_the_user_name_as(java.lang.String)&amp#27;[0m
  &amp#27;[32mAnd &amp#27;[0m&amp#27;[32menters password as &amp#27;[0m&amp#27;[32m&amp#27;[1m"admin123"&amp#27;[0m                                       &amp#27;[90m# com.orangehrmlive.stepdefinitions.LoginPageStepDefinitions.enters_password_as(java.lang.String)&amp#27;[0m
  &amp#27;[32mAnd &amp#27;[0m&amp#27;[32mclicks on Login button&amp#27;[0m                                              &amp#27;[90m# com.orangehrmlive.stepdefinitions.LoginPageStepDefinitions.clicks_on_login_button()&amp#27;[0m
  &amp#27;[31mThen &amp#27;[0m&amp#27;[31muser must be able to land on home page&amp#27;[0m                             &amp#27;[90m# com.orangehrmlive.stepdefinitions.LoginPageStepDefinitions.user_must_be_able_to_land_on_home_page()&amp#27;[0m
      &amp#27;[31morg.junit.ComparisonFailure: expected:<[Alex Popoescu]> but was:<[Paul Collings]>
	at org.junit.Assert.assertEquals(Assert.java:117)
	at org.junit.Assert.assertEquals(Assert.java:146)
	at com.orangehrmlive.stepdefinitions.LoginPageStepDefinitions.user_must_be_able_to_land_on_home_page(LoginPageStepDefinitions.java:50)
	at ✽.user must be able to land on home page(file:///Users/admin/eclipse-workspace/POMRepeat/src/test/resources/LoginPageR.feature:12)
&amp#27;[0m

    Embedding Verify login with valid credentials [image/png 95431 bytes]

]]></system-out>
    <system-err><![CDATA[SLF4J: No SLF4J providers were found.
SLF4J: Defaulting to no-operation (NOP) logger implementation
SLF4J: See https://www.slf4j.org/codes.html#noProviders for further details.
Sep 20, 2023 2:44:51 PM org.openqa.selenium.devtools.CdpVersionFinder findNearestMatch
WARNING: Unable to find an exact match for CDP version 116, so returning the closest version found: 115
]]></system-err>
  </testcase>
  <testcase name="Verify login with invalid credentials #1" classname="Title of your feature" time="11.994">
    <system-out><![CDATA[
@InvalidCredentials
Scenario Outline: Verify login with invalid credentials                      &amp#27;[90m# src/test/resources/LoginPageR.feature:22&amp#27;[0m
  &amp#27;[32mGiven &amp#27;[0m&amp#27;[32muser is navigated to &amp#27;[0m&amp#27;[32m&amp#27;[1m"https://opensource-demo.orangehrmlive.com/"&amp#27;[0m    &amp#27;[90m# com.orangehrmlive.stepdefinitions.LoginPageStepDefinitions.user_is_navigated_to(java.lang.String)&amp#27;[0m
  &amp#27;[32mWhen &amp#27;[0m&amp#27;[32muser enters credentials as &amp#27;[0m&amp#27;[32m&amp#27;[1m"<uname"&amp#27;[0m&amp#27;[32m and &amp#27;[0m&amp#27;[32m&amp#27;[1m"admin3"&amp#27;[0m                      &amp#27;[90m# com.orangehrmlive.stepdefinitions.LoginPageStepDefinitions.user_enters_credentials_as_and(java.lang.String,java.lang.String)&amp#27;[0m
  &amp#27;[32mAnd &amp#27;[0m&amp#27;[32mclicks on signin button&amp#27;[0m                                                &amp#27;[90m# com.orangehrmlive.stepdefinitions.LoginPageStepDefinitions.clicks_on_signin_button()&amp#27;[0m
Test Data-Expected:Invalid credentials
Actual data from application:Invalid credentials
  &amp#27;[32mThen &amp#27;[0m&amp#27;[32muser must be presented with an error message as &amp#27;[0m&amp#27;[32m&amp#27;[1m"Invalid credentials"&amp#27;[0m &amp#27;[90m# com.orangehrmlive.stepdefinitions.LoginPageStepDefinitions.user_must_be_presented_with_an_error_message_as(java.lang.String)&amp#27;[0m
]]></system-out>
    <system-err><![CDATA[Sep 20, 2023 2:45:03 PM org.openqa.selenium.devtools.CdpVersionFinder findNearestMatch
WARNING: Unable to find an exact match for CDP version 116, so returning the closest version found: 115
]]></system-err>
  </testcase>
  <testcase name="Verify login with invalid credentials #2" classname="Title of your feature" time="7.672">
    <system-out><![CDATA[
@InvalidCredentials
Scenario Outline: Verify login with invalid credentials                      &amp#27;[90m# src/test/resources/LoginPageR.feature:23&amp#27;[0m
  &amp#27;[32mGiven &amp#27;[0m&amp#27;[32muser is navigated to &amp#27;[0m&amp#27;[32m&amp#27;[1m"https://opensource-demo.orangehrmlive.com/"&amp#27;[0m    &amp#27;[90m# com.orangehrmlive.stepdefinitions.LoginPageStepDefinitions.user_is_navigated_to(java.lang.String)&amp#27;[0m
  &amp#27;[32mWhen &amp#27;[0m&amp#27;[32muser enters credentials as &amp#27;[0m&amp#27;[32m&amp#27;[1m"<uname"&amp#27;[0m&amp#27;[32m and &amp#27;[0m&amp#27;[32m&amp#27;[1m"admin123"&amp#27;[0m                    &amp#27;[90m# com.orangehrmlive.stepdefinitions.LoginPageStepDefinitions.user_enters_credentials_as_and(java.lang.String,java.lang.String)&amp#27;[0m
  &amp#27;[32mAnd &amp#27;[0m&amp#27;[32mclicks on signin button&amp#27;[0m                                                &amp#27;[90m# com.orangehrmlive.stepdefinitions.LoginPageStepDefinitions.clicks_on_signin_button()&amp#27;[0m
Test Data-Expected:Invalid credentials
Actual data from application:Invalid credentials
  &amp#27;[32mThen &amp#27;[0m&amp#27;[32muser must be presented with an error message as &amp#27;[0m&amp#27;[32m&amp#27;[1m"Invalid credentials"&amp#27;[0m &amp#27;[90m# com.orangehrmlive.stepdefinitions.LoginPageStepDefinitions.user_must_be_presented_with_an_error_message_as(java.lang.String)&amp#27;[0m
]]></system-out>
    <system-err><![CDATA[Sep 20, 2023 2:45:15 PM org.openqa.selenium.devtools.CdpVersionFinder findNearestMatch
WARNING: Unable to find an exact match for CDP version 116, so returning the closest version found: 115
]]></system-err>
  </testcase>
  <testcase name="Verify login with invalid credentials #3" classname="Title of your feature" time="7.958">
    <system-out><![CDATA[
@InvalidCredentials
Scenario Outline: Verify login with invalid credentials                      &amp#27;[90m# src/test/resources/LoginPageR.feature:24&amp#27;[0m
  &amp#27;[32mGiven &amp#27;[0m&amp#27;[32muser is navigated to &amp#27;[0m&amp#27;[32m&amp#27;[1m"https://opensource-demo.orangehrmlive.com/"&amp#27;[0m    &amp#27;[90m# com.orangehrmlive.stepdefinitions.LoginPageStepDefinitions.user_is_navigated_to(java.lang.String)&amp#27;[0m
  &amp#27;[32mWhen &amp#27;[0m&amp#27;[32muser enters credentials as &amp#27;[0m&amp#27;[32m&amp#27;[1m"<uname"&amp#27;[0m&amp#27;[32m and &amp#27;[0m&amp#27;[32m&amp#27;[1m"xyz123"&amp#27;[0m                      &amp#27;[90m# com.orangehrmlive.stepdefinitions.LoginPageStepDefinitions.user_enters_credentials_as_and(java.lang.String,java.lang.String)&amp#27;[0m
  &amp#27;[32mAnd &amp#27;[0m&amp#27;[32mclicks on signin button&amp#27;[0m                                                &amp#27;[90m# com.orangehrmlive.stepdefinitions.LoginPageStepDefinitions.clicks_on_signin_button()&amp#27;[0m
Test Data-Expected:Invalid credentials
Actual data from application:Invalid credentials
  &amp#27;[32mThen &amp#27;[0m&amp#27;[32muser must be presented with an error message as &amp#27;[0m&amp#27;[32m&amp#27;[1m"Invalid credentials"&amp#27;[0m &amp#27;[90m# com.orangehrmlive.stepdefinitions.LoginPageStepDefinitions.user_must_be_presented_with_an_error_message_as(java.lang.String)&amp#27;[0m
]]></system-out>
    <system-err><![CDATA[Sep 20, 2023 2:45:23 PM org.openqa.selenium.devtools.CdpVersionFinder findNearestMatch
WARNING: Unable to find an exact match for CDP version 116, so returning the closest version found: 115
]]></system-err>
  </testcase>
</testsuite>